<?xml version="1.0" encoding="UTF-8"?>
<!-- Generated by org.testng.reporters.JUnitXMLReporter -->
<testsuite ignored="0" hostname="DESKTOP-EMMOM4M" failures="1" tests="1" name="Test" time="37.656" errors="0" timestamp="2020-05-01T20:34:35 IST">
  <testcase classname="com.crm.qa.testcases.PlumberService" name="test" time="37.604">
    <failure type="java.lang.Error" message="Unresolved compilation problem: 
	FileUtils cannot be resolved
">
      <![CDATA[java.lang.Error: Unresolved compilation problem: 
FileUtils cannot be resolved

at com.crm.qa.util.TestUtil.takeScreenshotAtEndOfTest(TestUtil.java:65)
at com.crm.qa.util.WebEventListener.onException(WebEventListener.java:68)
at org.openqa.selenium.support.events.EventFiringWebDriver.lambda$new$0(EventFiringWebDriver.java:84)
at com.sun.proxy.$Proxy8.onException(Unknown Source)
at org.openqa.selenium.support.events.EventFiringWebDriver.lambda$new$1(EventFiringWebDriver.java:107)
at com.sun.proxy.$Proxy9.findElement(Unknown Source)
at org.openqa.selenium.support.events.EventFiringWebDriver.findElement(EventFiringWebDriver.java:194)
at org.openqa.selenium.support.pagefactory.DefaultElementLocator.findElement(DefaultElementLocator.java:69)
at org.openqa.selenium.support.pagefactory.internal.LocatingElementHandler.invoke(LocatingElementHandler.java:38)
at com.sun.proxy.$Proxy13.isDisplayed(Unknown Source)
at com.crm.qa.pages.EmailOrPhoneNumber.getEmailOrPhoneNumberField(EmailOrPhoneNumber.java:35)
at com.crm.qa.testcases.PlumberService.test(PlumberService.java:40)
at java.base/java.util.ArrayList.forEach(ArrayList.java:1540)
... Removed 31 stack frames]]>
    </failure>
  </testcase> <!-- test -->
</testsuite> <!-- Test -->
