<?xml version="1.0" encoding="UTF-8"?><testrun name="TestRunner (1)" project="APIFramework" tests="1" started="1" failures="0" errors="1" ignored="0">
  <testsuite name="cucumber.Options.TestRunner" time="4.139">
    <testsuite name="Validating AddPlace API" time="4.139">
      <testcase name="Verify if the place has been added successfuly using the AddPlace API" classname="Validating AddPlace API" time="4.139">
        <error>io.restassured.path.json.exception.JsonPathException: Failed to parse the JSON document&#13;
	at io.restassured.path.json.JsonPath$ExceptionCatcher.invoke(JsonPath.java:1002)&#13;
	at io.restassured.path.json.JsonPath$4.doParseWith(JsonPath.java:967)&#13;
	at io.restassured.path.json.JsonPath$JsonParser.parseWith(JsonPath.java:1047)&#13;
	at io.restassured.path.json.JsonPath.get(JsonPath.java:202)&#13;
	at stepDefinitions.StepDefinition.confirm_the_field_in_response_should_be(StepDefinition.java:71)&#13;
	at âœ½.Confirm the "status" field in response should be "OK"(file:///G:/KrishnaEclipseWorkspace/APIFramework/src/test/java/features/placeValidations.feature:7)&#13;
Caused by: groovy.json.JsonException: Lexing failed on line: 1, column: 1, while reading '&lt;', no possible valid JSON value or punctuation could be recognized.&#13;
	at groovy.json.JsonLexer.nextToken(JsonLexer.java:86)&#13;
	at groovy.json.JsonLexer$nextToken.call(Unknown Source)&#13;
	at org.codehaus.groovy.runtime.callsite.CallSiteArray.defaultCall(CallSiteArray.java:47)&#13;
	at org.codehaus.groovy.runtime.callsite.AbstractCallSite.call(AbstractCallSite.java:125)&#13;
	at org.codehaus.groovy.runtime.callsite.AbstractCallSite.call(AbstractCallSite.java:130)&#13;
	at io.restassured.internal.path.json.ConfigurableJsonSlurper.parse(ConfigurableJsonSlurper.groovy:97)&#13;
	at io.restassured.internal.path.json.ConfigurableJsonSlurper$parse.callCurrent(Unknown Source)&#13;
	at org.codehaus.groovy.runtime.callsite.CallSiteArray.defaultCallCurrent(CallSiteArray.java:51)&#13;
	at org.codehaus.groovy.runtime.callsite.AbstractCallSite.callCurrent(AbstractCallSite.java:171)&#13;
	at org.codehaus.groovy.runtime.callsite.AbstractCallSite.callCurrent(AbstractCallSite.java:185)&#13;
	at io.restassured.internal.path.json.ConfigurableJsonSlurper.parseText(ConfigurableJsonSlurper.groovy:83)&#13;
	at io.restassured.path.json.JsonPath$4$1.method(JsonPath.java:965)&#13;
	at io.restassured.path.json.JsonPath$ExceptionCatcher.invoke(JsonPath.java:1000)&#13;
	at io.restassured.path.json.JsonPath$4.doParseWith(JsonPath.java:967)&#13;
	at io.restassured.path.json.JsonPath$JsonParser.parseWith(JsonPath.java:1047)&#13;
	at io.restassured.path.json.JsonPath.get(JsonPath.java:202)&#13;
	at stepDefinitions.StepDefinition.confirm_the_field_in_response_should_be(StepDefinition.java:71)&#13;
	at java.base/jdk.internal.reflect.NativeMethodAccessorImpl.invoke0(Native Method)&#13;
	at java.base/jdk.internal.reflect.NativeMethodAccessorImpl.invoke(NativeMethodAccessorImpl.java:62)&#13;
	at java.base/jdk.internal.reflect.DelegatingMethodAccessorImpl.invoke(DelegatingMethodAccessorImpl.java:43)&#13;
	at java.base/java.lang.reflect.Method.invoke(Method.java:566)&#13;
	at io.cucumber.java.Invoker.invoke(Invoker.java:27)&#13;
	at io.cucumber.java.JavaStepDefinition.execute(JavaStepDefinition.java:27)&#13;
	at io.cucumber.core.runner.PickleStepDefinitionMatch.runStep(PickleStepDefinitionMatch.java:63)&#13;
	at io.cucumber.core.runner.TestStep.executeStep(TestStep.java:64)&#13;
	at io.cucumber.core.runner.TestStep.run(TestStep.java:49)&#13;
	at io.cucumber.core.runner.PickleStepTestStep.run(PickleStepTestStep.java:46)&#13;
	at io.cucumber.core.runner.TestCase.run(TestCase.java:51)&#13;
	at io.cucumber.core.runner.Runner.runPickle(Runner.java:66)&#13;
	at io.cucumber.junit.PickleRunners$NoStepDescriptions.run(PickleRunners.java:149)&#13;
	at io.cucumber.junit.FeatureRunner.runChild(FeatureRunner.java:83)&#13;
	at io.cucumber.junit.FeatureRunner.runChild(FeatureRunner.java:24)&#13;
	at org.junit.runners.ParentRunner$3.run(ParentRunner.java:238)&#13;
	at org.junit.runners.ParentRunner$1.schedule(ParentRunner.java:63)&#13;
	at org.junit.runners.ParentRunner.runChildren(ParentRunner.java:236)&#13;
	at org.junit.runners.ParentRunner.access$000(ParentRunner.java:53)&#13;
	at org.junit.runners.ParentRunner$2.evaluate(ParentRunner.java:229)&#13;
	at org.junit.runners.ParentRunner.run(ParentRunner.java:309)&#13;
	at io.cucumber.junit.Cucumber.runChild(Cucumber.java:185)&#13;
	at io.cucumber.junit.Cucumber.runChild(Cucumber.java:83)&#13;
	at org.junit.runners.ParentRunner$3.run(ParentRunner.java:238)&#13;
	at org.junit.runners.ParentRunner$1.schedule(ParentRunner.java:63)&#13;
	at org.junit.runners.ParentRunner.runChildren(ParentRunner.java:236)&#13;
	at org.junit.runners.ParentRunner.access$000(ParentRunner.java:53)&#13;
	at org.junit.runners.ParentRunner$2.evaluate(ParentRunner.java:229)&#13;
	at io.cucumber.junit.Cucumber$RunCucumber.evaluate(Cucumber.java:219)&#13;
	at org.junit.runners.ParentRunner.run(ParentRunner.java:309)&#13;
	at org.eclipse.jdt.internal.junit4.runner.JUnit4TestReference.run(JUnit4TestReference.java:89)&#13;
	at org.eclipse.jdt.internal.junit.runner.TestExecution.run(TestExecution.java:41)&#13;
	at org.eclipse.jdt.internal.junit.runner.RemoteTestRunner.runTests(RemoteTestRunner.java:542)&#13;
	at org.eclipse.jdt.internal.junit.runner.RemoteTestRunner.runTests(RemoteTestRunner.java:770)&#13;
	at org.eclipse.jdt.internal.junit.runner.RemoteTestRunner.run(RemoteTestRunner.java:464)&#13;
	at org.eclipse.jdt.internal.junit.runner.RemoteTestRunner.main(RemoteTestRunner.java:210)&#13;
&#13;
</error>
      </testcase>
    </testsuite>
  </testsuite>
</testrun>
