<?xml version="1.0" encoding="UTF-8"?>
<!-- Generated by org.testng.reporters.JUnitXMLReporter -->
<testsuite ignored="0" hostname="DESKTOP-PLAMAGM" failures="0" tests="2" name="Validating the logins for the users" time="47.485" errors="0" timestamp="2020-02-22T13:34:04 IST">
  <testcase classname="Academy1.homePage" name="basePageNavigation" time="36.506"/>
  <testcase classname="Academy1.homePage" name="basePageNavigation" time="7.964"/>
</testsuite> <!-- Validating the logins for the users -->
