<?xml version="1.0" encoding="UTF-8"?>
<testng-results ignored="0" total="1" passed="1" failed="0" skipped="0">
  <reporter-output>
  </reporter-output>
  <suite started-at="2020-05-02T16:14:37 IST" name="Viviri Capital  Test - Plumber Service" finished-at="2020-05-02T16:15:00 IST" duration-ms="22671">
    <groups>
    </groups>
    <test started-at="2020-05-02T16:14:37 IST" name="Plumber Service Test Cases" finished-at="2020-05-02T16:15:00 IST" duration-ms="22671">
      <class name="com.testcases.StarOfService">
        <test-method is-config="true" signature="loadConfig()[pri:0, instance:com.testcases.StarOfService@36b4fe2a]" started-at="2020-05-02T16:14:37 IST" name="loadConfig" finished-at="2020-05-02T16:14:37 IST" duration-ms="17" status="PASS">
          <reporter-output>
          </reporter-output>
        </test-method> <!-- loadConfig -->
        <test-method signature="test(java.lang.String, java.lang.String, java.lang.String)[pri:0, instance:com.testcases.StarOfService@36b4fe2a]" started-at="2020-05-02T16:14:37 IST" name="test" data-provider="GetData" finished-at="2020-05-02T16:15:00 IST" duration-ms="22623" status="PASS">
          <params>
            <param index="0">
              <value>
                <![CDATA[Chennai]]>
              </value>
            </param>
            <param index="1">
              <value>
                <![CDATA[Sample Text]]>
              </value>
            </param>
            <param index="2">
              <value>
                <![CDATA[18:00]]>
              </value>
            </param>
          </params>
          <reporter-output>
          </reporter-output>
        </test-method> <!-- test -->
        <test-method is-config="true" signature="tearDown()[pri:0, instance:com.testcases.StarOfService@36b4fe2a]" started-at="2020-05-02T16:15:00 IST" name="tearDown" finished-at="2020-05-02T16:15:01 IST" duration-ms="1302" status="PASS">
          <reporter-output>
          </reporter-output>
        </test-method> <!-- tearDown -->
      </class> <!-- com.testcases.StarOfService -->
    </test> <!-- Plumber Service Test Cases -->
  </suite> <!-- Viviri Capital  Test - Plumber Service -->
</testng-results>
