<?xml version="1.0" encoding="UTF-8"?>
<testng-results ignored="0" total="5" passed="5" failed="0" skipped="0">
  <reporter-output>
  </reporter-output>
  <suite started-at="2020-02-22T13:32:36 IST" name="Suite" finished-at="2020-02-22T13:34:34 IST" duration-ms="117972">
    <groups>
    </groups>
    <test started-at="2020-02-22T13:32:36 IST" name="Validating title of the page" finished-at="2020-02-22T13:33:17 IST" duration-ms="40105">
      <class name="Academy1.TitleValidation">
        <test-method is-config="true" signature="initialize()[pri:0, instance:Academy1.TitleValidation@68267da0]" started-at="2020-02-22T13:32:37 IST" name="initialize" finished-at="2020-02-22T13:33:15 IST" duration-ms="38155" status="PASS">
          <reporter-output>
          </reporter-output>
        </test-method> <!-- initialize -->
        <test-method signature="ValidateAppTitle()[pri:0, instance:Academy1.TitleValidation@68267da0]" started-at="2020-02-22T13:33:15 IST" name="ValidateAppTitle" finished-at="2020-02-22T13:33:16 IST" duration-ms="1408" status="PASS">
          <reporter-output>
          </reporter-output>
        </test-method> <!-- ValidateAppTitle -->
        <test-method signature="ValidateHeader()[pri:0, instance:Academy1.TitleValidation@68267da0]" started-at="2020-02-22T13:33:16 IST" name="ValidateHeader" finished-at="2020-02-22T13:33:16 IST" duration-ms="115" status="PASS">
          <reporter-output>
          </reporter-output>
        </test-method> <!-- ValidateHeader -->
        <test-method is-config="true" signature="teardown()[pri:0, instance:Academy1.TitleValidation@68267da0]" started-at="2020-02-22T13:33:16 IST" name="teardown" finished-at="2020-02-22T13:33:17 IST" duration-ms="368" status="PASS">
          <reporter-output>
          </reporter-output>
        </test-method> <!-- teardown -->
      </class> <!-- Academy1.TitleValidation -->
    </test> <!-- Validating title of the page -->
    <test started-at="2020-02-22T13:33:17 IST" name="Validating the logins for the users" finished-at="2020-02-22T13:34:04 IST" duration-ms="47485">
      <class name="Academy1.homePage">
        <test-method is-config="true" signature="initialize()[pri:0, instance:Academy1.homePage@343570b7]" started-at="2020-02-22T13:33:17 IST" name="initialize" finished-at="2020-02-22T13:33:20 IST" duration-ms="2910" status="PASS">
          <reporter-output>
          </reporter-output>
        </test-method> <!-- initialize -->
        <test-method signature="basePageNavigation(java.lang.String, java.lang.String, java.lang.String)[pri:0, instance:Academy1.homePage@343570b7]" started-at="2020-02-22T13:33:20 IST" name="basePageNavigation" data-provider="getData" finished-at="2020-02-22T13:33:56 IST" duration-ms="36506" status="PASS">
          <params>
            <param index="0">
              <value>
                <![CDATA[NonRestrictedUser@gmail.com]]>
              </value>
            </param>
            <param index="1">
              <value>
                <![CDATA[12345]]>
              </value>
            </param>
            <param index="2">
              <value>
                <![CDATA[Non Restricted User]]>
              </value>
            </param>
          </params>
          <reporter-output>
          </reporter-output>
        </test-method> <!-- basePageNavigation -->
        <test-method signature="basePageNavigation(java.lang.String, java.lang.String, java.lang.String)[pri:0, instance:Academy1.homePage@343570b7]" started-at="2020-02-22T13:33:56 IST" name="basePageNavigation" data-provider="getData" finished-at="2020-02-22T13:34:04 IST" duration-ms="7964" status="PASS">
          <params>
            <param index="0">
              <value>
                <![CDATA[RestrictedUser@gmail.com]]>
              </value>
            </param>
            <param index="1">
              <value>
                <![CDATA[67890]]>
              </value>
            </param>
            <param index="2">
              <value>
                <![CDATA[Restricted User]]>
              </value>
            </param>
          </params>
          <reporter-output>
          </reporter-output>
        </test-method> <!-- basePageNavigation -->
        <test-method is-config="true" signature="teardown()[pri:0, instance:Academy1.homePage@343570b7]" started-at="2020-02-22T13:34:04 IST" name="teardown" finished-at="2020-02-22T13:34:04 IST" duration-ms="86" status="PASS">
          <reporter-output>
          </reporter-output>
        </test-method> <!-- teardown -->
      </class> <!-- Academy1.homePage -->
    </test> <!-- Validating the logins for the users -->
    <test started-at="2020-02-22T13:34:04 IST" name="Validating the navigation bar of the website" finished-at="2020-02-22T13:34:34 IST" duration-ms="30204">
      <class name="Academy1.ValidateNavigationBar">
        <test-method is-config="true" signature="initialize()[pri:0, instance:Academy1.ValidateNavigationBar@36d585c]" started-at="2020-02-22T13:34:04 IST" name="initialize" finished-at="2020-02-22T13:34:34 IST" duration-ms="29932" status="PASS">
          <reporter-output>
          </reporter-output>
        </test-method> <!-- initialize -->
        <test-method signature="ValidateAppNavBar()[pri:0, instance:Academy1.ValidateNavigationBar@36d585c]" started-at="2020-02-22T13:34:34 IST" name="ValidateAppNavBar" finished-at="2020-02-22T13:34:34 IST" duration-ms="90" status="PASS">
          <reporter-output>
          </reporter-output>
        </test-method> <!-- ValidateAppNavBar -->
        <test-method is-config="true" signature="teardown()[pri:0, instance:Academy1.ValidateNavigationBar@36d585c]" started-at="2020-02-22T13:34:34 IST" name="teardown" finished-at="2020-02-22T13:34:34 IST" duration-ms="178" status="PASS">
          <reporter-output>
          </reporter-output>
        </test-method> <!-- teardown -->
      </class> <!-- Academy1.ValidateNavigationBar -->
    </test> <!-- Validating the navigation bar of the website -->
  </suite> <!-- Suite -->
</testng-results>
