<?xml version="1.0" encoding="UTF-8"?>
<!-- Generated by org.testng.reporters.JUnitXMLReporter -->
<testsuite ignored="0" hostname="DESKTOP-EMMOM4M" failures="0" tests="2" name="Validating the logins for the users" time="24.828" errors="0" timestamp="2020-03-09T19:16:10 IST">
  <testcase classname="Academy1.homePage" name="basePageNavigation" time="12.232"/>
  <testcase classname="Academy1.homePage" name="basePageNavigation" time="7.228"/>
</testsuite> <!-- Validating the logins for the users -->
